c:\users\daniel\obelisk-engine\psydrwglutengine\debug\vc141.pdb
c:\users\daniel\obelisk-engine\psydrwglutengine\debug\vc141.idb
c:\users\daniel\obelisk-engine\psydrwglutengine\debug\boundingbox.obj
c:\users\daniel\obelisk-engine\psydrwglutengine\debug\boxface.obj
c:\users\daniel\obelisk-engine\psydrwglutengine\debug\camera.obj
c:\users\daniel\obelisk-engine\psydrwglutengine\debug\displayableobject.obj
c:\users\daniel\obelisk-engine\psydrwglutengine\debug\fpscamera.obj
c:\users\daniel\obelisk-engine\psydrwglutengine\debug\inputmanager.obj
c:\users\daniel\obelisk-engine\psydrwglutengine\debug\light.obj
c:\users\daniel\obelisk-engine\psydrwglutengine\debug\scene.obj
c:\users\daniel\obelisk-engine\psydrwglutengine\debug\scenemanager.obj
c:\users\daniel\obelisk-engine\psydrwglutengine\debug\main.obj
c:\users\daniel\obelisk-engine\psydrwglutengine\debug\skybox.obj
c:\users\daniel\obelisk-engine\psydrwglutengine\debug\spotlight.obj
c:\users\daniel\obelisk-engine\psydrwglutengine\debug\testobject.obj
c:\users\daniel\obelisk-engine\psydrwglutengine\debug\testobject2.obj
c:\users\daniel\obelisk-engine\psydrwglutengine\debug\testscene.obj
c:\users\daniel\obelisk-engine\psydrwglutengine\debug\texture2d.obj
c:\users\daniel\obelisk-engine\psydrwglutengine\debug\triggertest.obj
c:\users\daniel\obelisk-engine\psydrwglutengine\debug\animationframe.obj
c:\users\daniel\obelisk-engine\psydrwglutengine\debug\plane.obj
c:\users\daniel\obelisk-engine\psydrwglutengine\debug\phsyicscamparent.obj
c:\users\daniel\obelisk-engine\psydrwglutengine\debug\physicscam.obj
c:\users\daniel\obelisk-engine\psydrwglutengine\debug\animationmanager.obj
c:\users\daniel\obelisk-engine\debug\psydrwglutengine.pdb
c:\users\daniel\obelisk-engine\psydrwglutengine\debug\psydrwglutengine.tlog\cl.command.1.tlog
c:\users\daniel\obelisk-engine\psydrwglutengine\debug\psydrwglutengine.tlog\cl.read.1.tlog
c:\users\daniel\obelisk-engine\psydrwglutengine\debug\psydrwglutengine.tlog\cl.write.1.tlog
c:\users\daniel\obelisk-engine\psydrwglutengine\debug\psydrwglutengine.tlog\link.15420-cvtres.read.1.tlog
c:\users\daniel\obelisk-engine\psydrwglutengine\debug\psydrwglutengine.tlog\link.15420-cvtres.write.1.tlog
c:\users\daniel\obelisk-engine\psydrwglutengine\debug\psydrwglutengine.tlog\link.15420-rc.read.1.tlog
c:\users\daniel\obelisk-engine\psydrwglutengine\debug\psydrwglutengine.tlog\link.15420-rc.write.1.tlog
c:\users\daniel\obelisk-engine\psydrwglutengine\debug\psydrwglutengine.tlog\link.15420.read.1.tlog
c:\users\daniel\obelisk-engine\psydrwglutengine\debug\psydrwglutengine.tlog\link.15420.write.1.tlog
c:\users\daniel\obelisk-engine\psydrwglutengine\debug\psydrwglutengine.tlog\link.command.1.tlog
c:\users\daniel\obelisk-engine\psydrwglutengine\debug\psydrwglutengine.tlog\link.read.1.tlog
c:\users\daniel\obelisk-engine\psydrwglutengine\debug\psydrwglutengine.tlog\link.write.1.tlog
